<?xml version="1.0" encoding="UTF-8"?>
<!-- Generated by org.testng.reporters.JUnitReportReporter -->
<testsuite hostname="Yadav" failures="0" tests="1" name="testCases.TC11_AlertHandle" time="9.451" errors="0" timestamp="2024-12-25T10:53:30 IST" skipped="0">
  <testcase classname="testCases.TC11_AlertHandle" name="handleAlert" time="9.451"/>
</testsuite> <!-- testCases.TC11_AlertHandle -->
