<?xml version="1.0" encoding="UTF-8"?>
<!-- Generated by org.testng.reporters.JUnitReportReporter -->
<testsuite hostname="Yadav" failures="0" tests="1" name="testCases.TC05_FileUploadElement" time="0.913" errors="0" timestamp="2024-12-24T11:53:43 IST" skipped="0">
  <testcase classname="testCases.TC05_FileUploadElement" name="verify_FileUploadElement" time="0.913"/>
</testsuite> <!-- testCases.TC05_FileUploadElement -->
