<?xml version="1.0" encoding="UTF-8"?>
<!-- Generated by org.testng.reporters.JUnitReportReporter -->
<testsuite hostname="Yadav" failures="0" tests="1" name="testCases.TC01_testTextElement" time="0.729" errors="0" timestamp="2024-12-23T12:33:01 IST" skipped="0">
  <testcase classname="testCases.TC01_testTextElement" name="verify_testTextElement" time="0.729"/>
</testsuite> <!-- testCases.TC01_testTextElement -->
