<?xml version="1.0" encoding="UTF-8"?>
<!-- Generated by org.testng.reporters.JUnitReportReporter -->
<testsuite hostname="Yadav" failures="0" tests="1" name="testCases.TC13_Actions" time="13.825" errors="0" timestamp="2024-12-26T11:49:55 IST" skipped="0">
  <testcase classname="testCases.TC13_Actions" name="handleActions" time="13.825"/>
</testsuite> <!-- testCases.TC13_Actions -->
