<?xml version="1.0" encoding="UTF-8"?>
<!-- Generated by org.testng.reporters.JUnitReportReporter -->
<testsuite hostname="Yadav" failures="0" tests="1" name="testCases.TC02_testRadioCheckBox" time="1.449" errors="0" timestamp="2024-12-23T12:33:01 IST" skipped="0">
  <testcase classname="testCases.TC02_testRadioCheckBox" name="verify_testRadioCheckBoxElement" time="1.449"/>
</testsuite> <!-- testCases.TC02_testRadioCheckBox -->
