<?xml version="1.0" encoding="UTF-8"?>
<!-- Generated by org.testng.reporters.JUnitReportReporter -->
<testsuite hostname="Yadav" failures="0" tests="1" name="testCases.TC010_dynamicButtonElement" time="3.509" errors="0" timestamp="2024-12-25T10:28:24 IST" skipped="0">
  <testcase classname="testCases.TC010_dynamicButtonElement" name="checkDyanmaicButtton" time="3.509"/>
</testsuite> <!-- testCases.TC010_dynamicButtonElement -->
