<?xml version="1.0" encoding="UTF-8"?>
<!-- Generated by org.testng.reporters.JUnitReportReporter -->
<testsuite hostname="Yadav" failures="0" tests="1" name="pageObject.DynamicElement" time="3.377" errors="0" timestamp="2024-12-25T10:09:46 IST" skipped="0">
  <testcase classname="pageObject.DynamicElement" name="test" time="3.377"/>
</testsuite> <!-- pageObject.DynamicElement -->
