<?xml version="1.0" encoding="UTF-8"?>
<!-- Generated by org.testng.reporters.JUnitReportReporter -->
<testsuite hostname="Yadav" failures="0" tests="1" name="testCases.TC03_testDropDownElement" time="1.208" errors="0" timestamp="2024-12-23T12:33:01 IST" skipped="0">
  <testcase classname="testCases.TC03_testDropDownElement" name="verify_dropDownElement" time="1.208"/>
</testsuite> <!-- testCases.TC03_testDropDownElement -->
