<?xml version="1.0" encoding="UTF-8"?>
<!-- Generated by org.testng.reporters.JUnitReportReporter -->
<testsuite hostname="Yadav" failures="0" tests="1" name="testCases.TC14_handleScrollinDropDown" time="1.528" errors="0" timestamp="2024-12-26T12:22:52 IST" skipped="0">
  <testcase classname="testCases.TC14_handleScrollinDropDown" name="handleDropDownElement" time="1.528"/>
</testsuite> <!-- testCases.TC14_handleScrollinDropDown -->
