<?xml version="1.0" encoding="UTF-8"?>
<!-- Generated by org.testng.reporters.JUnitReportReporter -->
<testsuite hostname="Yadav" failures="0" tests="1" name="testCases.TC06_StaticTable" time="2.074" errors="0" timestamp="2024-12-24T12:05:11 IST" skipped="0">
  <testcase classname="testCases.TC06_StaticTable" name="handle_staticTable" time="2.074"/>
</testsuite> <!-- testCases.TC06_StaticTable -->
