<?xml version="1.0" encoding="UTF-8"?>
<!-- Generated by org.testng.reporters.JUnitReportReporter -->
<testsuite hostname="Yadav" failures="0" tests="1" name="testCases.TC09_AutoSuggestionElement" time="3.030" errors="0" timestamp="2024-12-25T10:03:42 IST" skipped="0">
  <testcase classname="testCases.TC09_AutoSuggestionElement" name="checkAutoSuggestionPage" time="3.030"/>
</testsuite> <!-- testCases.TC09_AutoSuggestionElement -->
