<?xml version="1.0" encoding="UTF-8"?>
<!-- Generated by org.testng.reporters.JUnitReportReporter -->
<testsuite hostname="Yadav" failures="0" tests="1" name="testCases.TC_All_Page_Element" time="2.080" errors="0" timestamp="2024-12-23T12:39:24 IST" skipped="0">
  <testcase classname="testCases.TC_All_Page_Element" name="verify_All_Page_Element" time="2.080"/>
</testsuite> <!-- testCases.TC_All_Page_Element -->
